<?xml version="1.0" encoding="utf-8"?>
<TestRun id="32662be5-42c8-4aec-8a3d-c08310c67825" name="RickyDutton@RICKYD-0625 2025-10-15 14:53:08" runUser="AzureAD\RickyDutton" xmlns="http://microsoft.com/schemas/VisualStudio/TeamTest/2010">
  <Times creation="2025-10-15T14:53:08.4448331+01:00" queuing="2025-10-15T14:53:08.4448334+01:00" start="2025-10-15T14:53:07.8167749+01:00" finish="2025-10-15T14:53:08.4559036+01:00" />
  <TestSettings name="default" id="2caa3c58-ceb3-4af6-bcc0-c370319613ce">
    <Deployment runDeploymentRoot="RickyDutton_RICKYD-0625_2025-10-15_14_53_08" />
  </TestSettings>
  <Results>
    <UnitTestResult executionId="b48229d2-2179-43a2-83c3-55ba71167b69" testId="95fde3b5-3d05-2a57-b652-93f14dccd7c4" testName="GraphKit.Tests.AutomapperFilteringTests.AutomapperRegistrations_FilterToSameRootAndSummarizeElided" computerName="RICKYD-0625" duration="00:00:00.0196886" startTime="2025-10-15T14:53:08.3496063+01:00" endTime="2025-10-15T14:53:08.3496219+01:00" testType="13cdc9d9-ddb5-4fa4-a97d-d965ccfc6d4b" outcome="Failed" testListId="8c84fa94-04c1-424b-9868-57a2d4851a1d" relativeResultsDirectory="b48229d2-2179-43a2-83c3-55ba71167b69">
      <Output>
        <ErrorInfo>
          <Message>Assert.Contains() Failure: Sub-string not found&#xD;
String:    "[web] GET /api/reports  (Sample.Web.Contr"···&#xD;
Not found: "automapper.registrations_elided 1 (Other."···</Message>
          <StackTrace>   at GraphKit.Tests.AutomapperFilteringTests.AutomapperRegistrations_FilterToSameRootAndSummarizeElided() in d:\theproclaimer\tests\GraphKit.Tests\AutomapperFilteringTests.cs:line 149&#xD;
   at System.RuntimeMethodHandle.InvokeMethod(Object target, Void** arguments, Signature sig, Boolean isConstructor)&#xD;
   at System.Reflection.MethodBaseInvoker.InvokeWithNoArgs(Object obj, BindingFlags invokeAttr)</StackTrace>
        </ErrorInfo>
      </Output>
    </UnitTestResult>
  </Results>
  <TestDefinitions>
    <UnitTest name="GraphKit.Tests.AutomapperFilteringTests.AutomapperRegistrations_FilterToSameRootAndSummarizeElided" storage="d:\theproclaimer\tests\graphkit.tests\bin\release\net8.0\graphkit.tests.dll" id="95fde3b5-3d05-2a57-b652-93f14dccd7c4">
      <Execution id="b48229d2-2179-43a2-83c3-55ba71167b69" />
      <TestMethod codeBase="d:\theproclaimer\tests\GraphKit.Tests\bin\Release\net8.0\GraphKit.Tests.dll" adapterTypeName="executor://xunit/VsTestRunner2/netcoreapp" className="GraphKit.Tests.AutomapperFilteringTests" name="AutomapperRegistrations_FilterToSameRootAndSummarizeElided" />
    </UnitTest>
  </TestDefinitions>
  <TestEntries>
    <TestEntry testId="95fde3b5-3d05-2a57-b652-93f14dccd7c4" executionId="b48229d2-2179-43a2-83c3-55ba71167b69" testListId="8c84fa94-04c1-424b-9868-57a2d4851a1d" />
  </TestEntries>
  <TestLists>
    <TestList name="Results Not in a List" id="8c84fa94-04c1-424b-9868-57a2d4851a1d" />
    <TestList name="All Loaded Results" id="19431567-8539-422a-85d7-44ee4e166bda" />
  </TestLists>
  <ResultSummary outcome="Failed">
    <Counters total="1" executed="1" passed="0" failed="1" error="0" timeout="0" aborted="0" inconclusive="0" passedButRunAborted="0" notRunnable="0" notExecuted="0" disconnected="0" warning="0" completed="0" inProgress="0" pending="0" />
    <Output>
      <StdOut>Logging TestHost Diagnostics in file: D:\automapper.host.25-10-15_14-53-07_83825_5.log&#xD;
[xUnit.net 00:00:00.00] xUnit.net VSTest Adapter v2.5.3.1+6b60a9e56a (64-bit .NET 8.0.20)&#xD;
[xUnit.net 00:00:00.05]   Discovering: GraphKit.Tests&#xD;
[xUnit.net 00:00:00.08]   Discovered:  GraphKit.Tests&#xD;
[xUnit.net 00:00:00.08]   Starting:    GraphKit.Tests&#xD;
[xUnit.net 00:00:00.14]       Assert.Contains() Failure: Sub-string not found&#xD;
[xUnit.net 00:00:00.14]       String:    "[web] GET /api/reports  (Sample.Web.Contr"···&#xD;
[xUnit.net 00:00:00.14]       Not found: "automapper.registrations_elided 1 (Other."···&#xD;
[xUnit.net 00:00:00.14]       Stack Trace:&#xD;
[xUnit.net 00:00:00.14]         d:\theproclaimer\tests\GraphKit.Tests\AutomapperFilteringTests.cs(149,0): at GraphKit.Tests.AutomapperFilteringTests.AutomapperRegistrations_FilterToSameRootAndSummarizeElided()&#xD;
[xUnit.net 00:00:00.14]            at System.RuntimeMethodHandle.InvokeMethod(Object target, Void** arguments, Signature sig, Boolean isConstructor)&#xD;
[xUnit.net 00:00:00.14]            at System.Reflection.MethodBaseInvoker.InvokeWithNoArgs(Object obj, BindingFlags invokeAttr)&#xD;
[xUnit.net 00:00:00.15]   Finished:    GraphKit.Tests&#xD;
</StdOut>
    </Output>
    <RunInfos>
      <RunInfo computerName="RICKYD-0625" outcome="Error" timestamp="2025-10-15T14:53:08.3471539+01:00">
        <Text>[xUnit.net 00:00:00.14]     GraphKit.Tests.AutomapperFilteringTests.AutomapperRegistrations_FilterToSameRootAndSummarizeElided [FAIL]</Text>
      </RunInfo>
    </RunInfos>
  </ResultSummary>
</TestRun>